[10:40:06] 接收集中器的包:684a004a0068c4021701010402f1000004000143391026059216
[10:40:06] 心跳包
[10:40:06] 响应集中器的包:6832003200680402170101040001000004002816
[10:40:08] 总消息长度:2 添加一个消息队列:68 82 00 82 00 68 04 02 17 01 01 02 a4 71 00 00 40 01 01 01 08 18 a 09 18 00 10 18 14 11 18 00 12 18 14 13 18 00 92 16  参赛设置命令
[10:41:08] 接收集中器的包:684a004a0068c4021701010402f2000004000144401026059b16
[10:41:08] 心跳包
[10:41:08] 响应集中器的包:6832003200680402170101040002000004002916
[10:42:10] 接收集中器的包:684a004a0068c4021701010402f3000004000146411026059f16
[10:42:10] 心跳包
[10:42:10] 响应集中器的包:6832003200680402170101040003000004002a16
[10:43:11] 接收集中器的包:684a004a0068c4021701010402f400000400014842102605a316
[10:43:11] 心跳包
[10:43:11] 响应集中器的包:6832003200680402170101040004000004002b16
[10:44:13] 接收集中器的包:684a004a0068c4021701010402f500000400014943102605a616
[10:44:13] 心跳包
[10:44:13] 响应集中器的包:6832003200680402170101040005000004002c16
[10:45:14] 接收集中器的包:684a004a0068c4021701010402f600000400015044102605af16
[10:45:14] 心跳包
[10:45:14] 响应集中器的包:6832003200680402170101040006000004002d16
[10:46:16] 接收集中器的包:684a004a0068c4021701010402f700000400015245102605b316
[10:46:16] 心跳包
[10:46:16] 响应集中器的包:6832003200680402170101040007000004002e16
[10:47:17] 接收集中器的包:684a004a0068c4021701010402f800000400015446102605b716
[10:47:17] 心跳包
[10:47:17] 响应集中器的包:6832003200680402170101040008000004002f16
[10:47:55] 接收集中器的包:683200320068880217010102000100000100a716
[10:47:55] 集中器响应帧:1 确认 Fn:1
[10:48:55] 接收集中器的包:684a004a0068c4021701010402f9000004000132481026059816
[10:48:55] 心跳包
[10:48:55] 响应集中器的包:6832003200680402170101040009000004003016
[10:49:56] 接收集中器的包:684a004a0068c4021701010402fa000004000133491026059b16
[10:49:56] 心跳包
[10:49:56] 响应集中器的包:683200320068040217010104000a000004003116
[10:50:58] 接收集中器的包:684a004a0068c4021701010402fb00000400013450102605a416
[10:50:58] 心跳包
[10:50:58] 响应集中器的包:683200320068040217010104000b000004003216
[10:51:49] 总消息长度:1 添加一个消息队列:68 82 00 82 00 68 04 02 17 01 01 02 a4 71 00 00 40 01 01 01 08 18 0a 09 18 00 10 18 14 11 18 00 12 18 14 13 18 00 92 16  参赛设置命令
[10:51:50] 接收集中器的包:683200320068880217010102000100000100a716
[10:51:50] 集中器响应帧:1 确认 Fn:1
[10:52:51] 接收集中器的包:684a004a0068c4021701010402fc000004000127521026059a16
[10:52:51] 心跳包
[10:52:51] 响应集中器的包:683200320068040217010104000c000004003316
[10:52:55] 一个集中器客户端下线
[10:52:55] 一个集中器客户端下线
[10:52:55] 一个集中器客户端下线
[10:52:55] 一个集中器客户端下线
[10:52:55] 一个集中器客户端下线
[10:53:00] 接收集中器的包:684a004a0068c4021701010002fd00000100013652102605a316
[10:53:00] 登陆包
[10:53:00] 响应集中器的包:683200320068040217010100000d000001002d16
[10:54:01] 接收集中器的包:684a004a0068c4021701010402fe00000400013753102605ad16
[10:54:01] 心跳包
[10:54:01] 响应集中器的包:683200320068040217010104000e000004003516
[10:55:04] 接收集中器的包:684a004a0068c4021701010402ff00000400013954102605b116
[10:55:04] 心跳包
[10:55:04] 响应集中器的包:683200320068040217010104000f000004003616
[10:56:05] 接收集中器的包:684a004a0068c4021701010402f000000400014255102605ac16
[10:56:05] 心跳包
[10:56:05] 响应集中器的包:6832003200680402170101040000000004002716
[10:57:06] 接收集中器的包:684a004a0068c4021701010402f100000400014356102605af16
[10:57:06] 心跳包
[10:57:06] 响应集中器的包:6832003200680402170101040001000004002816
[10:58:08] 接收集中器的包:684a004a0068c4021701010402f200000400014557102605b316
[10:58:08] 心跳包
[10:58:08] 响应集中器的包:6832003200680402170101040002000004002916
[10:59:09] 接收集中器的包:684a004a0068c4021701010402f300000400014658102605b616
[10:59:09] 心跳包
[10:59:09] 响应集中器的包:6832003200680402170101040003000004002a16
[11:00:11] 接收集中器的包:684a004a0068c4021701010402f400000400014859102605ba16
[11:00:11] 心跳包
[11:00:11] 响应集中器的包:6832003200680402170101040004000004002b16
[11:01:12] 接收集中器的包:684a004a0068c4021701010402f5000004000149001126056416
[11:01:12] 心跳包
[11:01:12] 响应集中器的包:6832003200680402170101040005000004002c16
[11:02:18] 接收集中器的包:684a004a0068c4021701010402f6000004000155011126057216
[11:02:18] 心跳包
[11:02:18] 响应集中器的包:6832003200680402170101040006000004002d16
[11:03:20] 接收集中器的包:684a004a0068c4021701010402f7000004000157021126057616
[11:03:20] 心跳包
[11:03:20] 响应集中器的包:6832003200680402170101040007000004002e16
[11:04:21] 接收集中器的包:684a004a0068c4021701010402f8000004000158031126057916
[11:04:21] 心跳包
[11:04:21] 响应集中器的包:6832003200680402170101040008000004002f16
[11:05:23] 接收集中器的包:684a004a0068c4021701010402f9000004000159041126057c16
[11:05:23] 心跳包
[11:05:23] 响应集中器的包:6832003200680402170101040009000004003016
[11:06:24] 接收集中器的包:684a004a0068c4021701010402fa000004000100061126052616
[11:06:24] 心跳包
[11:06:24] 响应集中器的包:683200320068040217010104000a000004003116
[11:07:26] 接收集中器的包:684a004a0068c4021701010402fb000004000102071126052a16
[11:07:26] 心跳包
[11:07:26] 响应集中器的包:683200320068040217010104000b000004003216
[11:08:27] 接收集中器的包:684a004a0068c4021701010402fc000004000103081126052d16
[11:08:27] 心跳包
[11:08:27] 响应集中器的包:683200320068040217010104000c000004003316
[11:09:29] 接收集中器的包:684a004a0068c4021701010402fd000004000105091126053116
[11:09:29] 心跳包
[11:09:29] 响应集中器的包:683200320068040217010104000d000004003416
[11:10:30] 接收集中器的包:684a004a0068c4021701010402fe000004000107101126053b16
[11:10:30] 心跳包
[11:10:30] 响应集中器的包:683200320068040217010104000e000004003516
[11:11:32] 接收集中器的包:684a004a0068c4021701010402ff000004000108111126053e16
[11:11:32] 心跳包
[11:11:32] 响应集中器的包:683200320068040217010104000f000004003616
[11:11:50] 总消息长度:1 添加一个消息队列:68 82 00 82 00 68 04 02 17 01 01 02 a4 71 00 00 40 01 01 01 08 18 0a 09 18 00 10 18 14 11 18 00 12 18 14 13 18 00 92 16  参赛设置命令
[11:12:33] 接收集中器的包:684a004a0068c4021701010402f0000004000109121126053116
[11:12:33] 心跳包
[11:12:33] 响应集中器的包:6832003200680402170101040000000004002716
[11:12:36] 总消息长度:2 添加一个消息队列:68 82 00 82 00 68 04 02 17 01 01 02 a4 71 00 00 40 01 01 01 08 18 0a 09 18 00 10 18 14 11 18 00 12 18 14 13 18 00 92 16  参赛设置命令
[11:13:34] 接收集中器的包:684a004a0068c4021701010402f1000004000111131126053b16
[11:13:34] 心跳包
[11:13:34] 响应集中器的包:6832003200680402170101040001000004002816
[11:14:35] 接收集中器的包:684a004a0068c4021701010402f2000004000112141126053e16
[11:14:35] 心跳包
[11:14:35] 响应集中器的包:6832003200680402170101040002000004002916
[11:15:36] 接收集中器的包:684a004a0068c4021701010402f3000004000113151126054116
[11:15:36] 心跳包
[11:15:36] 响应集中器的包:6832003200680402170101040003000004002a16
[11:16:40] 接收集中器的包:684a004a0068c4021701010402f4000004000116161126054616
[11:16:40] 心跳包
[11:16:40] 响应集中器的包:6832003200680402170101040004000004002b16
[11:17:41] 接收集中器的包:684a004a0068c4021701010402f5000004000118171126054a16
[11:17:41] 心跳包
[11:17:41] 响应集中器的包:6832003200680402170101040005000004002c16
[11:18:42] 接收集中器的包:684a004a0068c4021701010402f6000004000119181126054d16
[11:18:42] 心跳包
[11:18:42] 响应集中器的包:6832003200680402170101040006000004002d16
[11:19:46] 接收集中器的包:684a004a0068c4021701010402f7000004000122191126055816
[11:19:46] 心跳包
[11:19:46] 响应集中器的包:6832003200680402170101040007000004002e16
[11:20:48] 接收集中器的包:684a004a0068c4021701010402f8000004000124201126056216
[11:20:48] 心跳包
[11:20:48] 响应集中器的包:6832003200680402170101040008000004002f16
[11:21:49] 接收集中器的包:684a004a0068c4021701010402f9000004000126211126056616
[11:21:49] 心跳包
[11:21:49] 响应集中器的包:6832003200680402170101040009000004003016
[11:22:51] 接收集中器的包:684a004a0068c4021701010402fa000004000127221126056916
[11:22:51] 心跳包
[11:22:51] 响应集中器的包:683200320068040217010104000a000004003116
[11:23:52] 接收集中器的包:684a004a0068c4021701010402fb000004000128231126056c16
[11:23:52] 心跳包
[11:23:52] 响应集中器的包:683200320068040217010104000b000004003216
[11:24:55] 接收集中器的包:684a004a0068c4021701010402fc000004000132241126057816
[11:24:55] 心跳包
[11:24:55] 响应集中器的包:683200320068040217010104000c000004003316
[11:26:01] 接收集中器的包:684a004a0068c4021701010402fd000004000133251126057b16
[11:26:01] 心跳包
[11:26:01] 响应集中器的包:683200320068040217010104000d000004003416
[11:27:05] 接收集中器的包:684a004a0068c4021701010402fe000004000141261126058b16
[11:27:05] 心跳包
[11:27:05] 响应集中器的包:683200320068040217010104000e000004003516
[11:28:08] 接收集中器的包:684a004a0068c4021701010402ff000004000144271126059016
[11:28:08] 心跳包
[11:28:08] 响应集中器的包:683200320068040217010104000f000004003616
[11:29:10] 接收集中器的包:684a004a0068c4021701010402f0000004000146281126058416
[11:29:10] 心跳包
[11:29:10] 响应集中器的包:6832003200680402170101040000000004002716
[11:30:11] 接收集中器的包:684a004a0068c4021701010402f1000004000147291126058716
[11:30:11] 心跳包
[11:30:11] 响应集中器的包:6832003200680402170101040001000004002816
[11:31:13] 接收集中器的包:684a004a0068c4021701010402f2000004000149301126059116
[11:31:13] 心跳包
[11:31:13] 响应集中器的包:6832003200680402170101040002000004002916
[11:32:15] 接收集中器的包:684a004a0068c4021701010402f3000004000152311126059c16
[11:32:15] 心跳包
[11:32:15] 响应集中器的包:6832003200680402170101040003000004002a16
[11:33:21] 接收集中器的包:684a004a0068c4021701010002f5000001000158321126059e16
[11:33:21] 登陆包
[11:33:21] 响应集中器的包:6832003200680402170101000005000001002516
[11:33:48] 一个集中器客户端下线
[11:33:54] 接收集中器的包:684a004a0068c4021701010002f6000001000131331126057916
[11:33:54] 登陆包
[11:33:54] 响应集中器的包:6832003200680402170101000006000001002616
[11:34:55] 接收集中器的包:684a004a0068c4021701010402f7000004000132341126058316
[11:34:55] 心跳包
[11:34:55] 响应集中器的包:6832003200680402170101040007000004002e16
[11:35:57] 接收集中器的包:684a004a0068c4021701010402f8000004000134351126058716
[11:35:57] 心跳包
[11:35:57] 响应集中器的包:6832003200680402170101040008000004002f16
[11:36:59] 接收集中器的包:684a004a0068c4021701010402f9000004000135361126058a16
[11:36:59] 心跳包
[11:36:59] 响应集中器的包:6832003200680402170101040009000004003016
[11:38:00] 接收集中器的包:684a004a0068c4021701010402fa000004000137371126058e16
[11:38:00] 心跳包
[11:38:00] 响应集中器的包:683200320068040217010104000a000004003116
[11:39:02] 接收集中器的包:684a004a0068c4021701010402fb000004000138381126059116
[11:39:02] 心跳包
[11:39:02] 响应集中器的包:683200320068040217010104000b000004003216
[11:40:17] 接收集中器的包:684a004a0068c4021701010402fc000004000140391126059b16
[11:40:17] 心跳包
[11:40:17] 响应集中器的包:683200320068040217010104000c000004003316
[11:41:23] 接收集中器的包:684a004a0068c4021701010402fd000004000100411126056416
[11:41:23] 心跳包
[11:41:23] 响应集中器的包:683200320068040217010104000d000004003416
[11:42:32] 接收集中器的包:684a004a0068c4021701010402fe000004000109421126056f16
[11:42:32] 心跳包
[11:42:32] 响应集中器的包:683200320068040217010104000e000004003516
[11:43:35] 接收集中器的包:684a004a0068c4021701010402ff000004000112431126057a16
[11:43:35] 心跳包
[11:43:35] 响应集中器的包:683200320068040217010104000f000004003616
[11:44:37] 接收集中器的包:684a004a0068c4021701010402f0000004000114441126056e16
[11:44:37] 心跳包
[11:44:37] 响应集中器的包:6832003200680402170101040000000004002716
[11:45:40] 接收集中器的包:684a004a0068c4021701010402f1000004000116451126057216
[11:45:40] 心跳包
[11:45:40] 响应集中器的包:6832003200680402170101040001000004002816
[11:46:41] 接收集中器的包:684a004a0068c4021701010402f2000004000117461126057516
[11:46:41] 心跳包
[11:46:41] 响应集中器的包:6832003200680402170101040002000004002916
[11:47:42] 接收集中器的包:684a004a0068c4021701010402f3000004000119471126057916
[11:47:42] 心跳包
[11:47:42] 响应集中器的包:6832003200680402170101040003000004002a16
[11:48:44] 接收集中器的包:684a004a0068c4021701010402f4000004000120481126058216
[11:48:44] 心跳包
[11:48:44] 响应集中器的包:6832003200680402170101040004000004002b16
[11:49:45] 接收集中器的包:684a004a0068c4021701010402f5000004000121491126058516
[11:49:45] 心跳包
[11:49:45] 响应集中器的包:6832003200680402170101040005000004002c16
[11:50:46] 接收集中器的包:684a004a0068c4021701010402f6000004000124501126059016
[11:50:46] 心跳包
[11:50:46] 响应集中器的包:6832003200680402170101040006000004002d16
[11:51:48] 接收集中器的包:684a004a0068c4021701010402f7000004000125511126059316
[11:51:48] 心跳包
[11:51:48] 响应集中器的包:6832003200680402170101040007000004002e16
[11:52:49] 接收集中器的包:684a004a0068c4021701010402f8000004000126521126059616
[11:52:49] 心跳包
[11:52:49] 响应集中器的包:6832003200680402170101040008000004002f16
[11:53:54] 接收集中器的包:684a004a0068c4021701010402f900000400013153112605a316
[11:53:54] 心跳包
[11:53:54] 响应集中器的包:6832003200680402170101040009000004003016
[11:54:56] 接收集中器的包:684a004a0068c4021701010402fa00000400013254112605a616
[11:54:56] 心跳包
[11:54:56] 响应集中器的包:683200320068040217010104000a000004003116
[11:55:57] 接收集中器的包:684a004a0068c4021701010402fb00000400013455112605aa16
[11:55:57] 心跳包
[11:55:57] 响应集中器的包:683200320068040217010104000b000004003216
[11:56:59] 接收集中器的包:684a004a0068c4021701010402fc00000400013656112605ae16
[11:56:59] 心跳包
[11:56:59] 响应集中器的包:683200320068040217010104000c000004003316
[11:58:01] 接收集中器的包:684a004a0068c4021701010402fd00000400013857112605b216
[11:58:01] 心跳包
[11:58:01] 响应集中器的包:683200320068040217010104000d000004003416
[11:59:03] 接收集中器的包:684a004a0068c4021701010402fe00000400013958112605b516
[11:59:03] 心跳包
[11:59:03] 响应集中器的包:683200320068040217010104000e000004003516
[12:00:04] 接收集中器的包:684a004a0068c4021701010402ff00000400014159112605bf16
[12:00:04] 心跳包
[12:00:04] 响应集中器的包:683200320068040217010104000f000004003616
[12:01:06] 接收集中器的包:684a004a0068c4021701010402f0000004000143001226055a16
[12:01:06] 心跳包
[12:01:06] 响应集中器的包:6832003200680402170101040000000004002716
[12:02:08] 接收集中器的包:684a004a0068c4021701010402f1000004000144011226055d16
[12:02:08] 心跳包
[12:02:08] 响应集中器的包:6832003200680402170101040001000004002816
[12:03:09] 接收集中器的包:684a004a0068c4021701010402f2000004000145021226056016
[12:03:09] 心跳包
[12:03:09] 响应集中器的包:6832003200680402170101040002000004002916
[12:04:10] 接收集中器的包:684a004a0068c4021701010402f3000004000147031226056416
[12:04:10] 心跳包
[12:04:10] 响应集中器的包:6832003200680402170101040003000004002a16
[12:05:12] 接收集中器的包:684a004a0068c4021701010402f4000004000148041226056716
[12:05:12] 心跳包
[12:05:12] 响应集中器的包:6832003200680402170101040004000004002b16
[12:06:13] 接收集中器的包:684a004a0068c4021701010402f5000004000149051226056a16
[12:06:13] 心跳包
[12:06:13] 响应集中器的包:6832003200680402170101040005000004002c16
[12:07:15] 接收集中器的包:684a004a0068c4021701010402f6000004000151061226057416
[12:07:15] 心跳包
[12:07:15] 响应集中器的包:6832003200680402170101040006000004002d16
[12:08:17] 接收集中器的包:684a004a0068c4021701010402f7000004000153071226057816
[12:08:17] 心跳包
[12:08:17] 响应集中器的包:6832003200680402170101040007000004002e16
[12:09:18] 接收集中器的包:684a004a0068c4021701010402f8000004000154081226057b16
[12:09:18] 心跳包
[12:09:18] 响应集中器的包:6832003200680402170101040008000004002f16
[12:10:20] 接收集中器的包:684a004a0068c4021701010402f9000004000157091226058016
[12:10:20] 心跳包
[12:10:20] 响应集中器的包:6832003200680402170101040009000004003016
[12:11:21] 接收集中器的包:684a004a0068c4021701010402fa000004000158101226058916
[12:11:21] 心跳包
[12:11:21] 响应集中器的包:683200320068040217010104000a000004003116
[12:12:23] 接收集中器的包:684a004a0068c4021701010402fb000004000100121226053416
[12:12:23] 心跳包
[12:12:23] 响应集中器的包:683200320068040217010104000b000004003216
[12:13:24] 接收集中器的包:684a004a0068c4021701010402fc000004000101131226053716
[12:13:24] 心跳包
[12:13:24] 响应集中器的包:683200320068040217010104000c000004003316
[12:14:32] 接收集中器的包:684a004a0068c4021701010002fe000001000109141226053b16
[12:14:32] 登陆包
[12:14:32] 响应集中器的包:683200320068040217010100000e000001002e16
[12:15:33] 接收集中器的包:684a004a0068c4021701010402ff000004000110151226054b16
[12:15:33] 心跳包
[12:15:33] 响应集中器的包:683200320068040217010104000f000004003616
[12:16:34] 接收集中器的包:684a004a0068c4021701010402f0000004000111161226053e16
[12:16:34] 心跳包
[12:16:34] 响应集中器的包:6832003200680402170101040000000004002716
[12:17:35] 接收集中器的包:684a004a0068c4021701010402f1000004000112171226054116
[12:17:35] 心跳包
[12:17:35] 响应集中器的包:6832003200680402170101040001000004002816
[12:18:37] 接收集中器的包:684a004a0068c4021701010402f2000004000113181226054416
[12:18:37] 心跳包
[12:18:37] 响应集中器的包:6832003200680402170101040002000004002916
[12:19:38] 接收集中器的包:684a004a0068c4021701010402f3000004000115191226054816
[12:19:38] 心跳包
[12:19:38] 响应集中器的包:6832003200680402170101040003000004002a16
[12:20:40] 接收集中器的包:684a004a0068c4021701010402f4000004000116201226055116
[12:20:40] 心跳包
[12:20:40] 响应集中器的包:6832003200680402170101040004000004002b16
[12:21:41] 接收集中器的包:684a004a0068c4021701010402f5000004000117211226055416
[12:21:41] 心跳包
[12:21:41] 响应集中器的包:6832003200680402170101040005000004002c16
[12:22:42] 接收集中器的包:684a004a0068c4021701010402f6000004000118221226055716
[12:22:42] 心跳包
[12:22:42] 响应集中器的包:6832003200680402170101040006000004002d16
[12:23:44] 接收集中器的包:684a004a0068c4021701010402f7000004000120231226056116
[12:23:44] 心跳包
[12:23:44] 响应集中器的包:6832003200680402170101040007000004002e16
[12:24:46] 接收集中器的包:684a004a0068c4021701010402f8000004000122241226056516
[12:24:46] 心跳包
[12:24:46] 响应集中器的包:6832003200680402170101040008000004002f16
[12:25:47] 接收集中器的包:684a004a0068c4021701010402f9000004000124251226056916
[12:25:47] 心跳包
[12:25:47] 响应集中器的包:6832003200680402170101040009000004003016
[12:26:49] 接收集中器的包:684a004a0068c4021701010402fa000004000125261226056c16
[12:26:49] 心跳包
[12:26:49] 响应集中器的包:683200320068040217010104000a000004003116
[12:27:51] 接收集中器的包:684a004a0068c4021701010402fb000004000127271226057016
[12:27:51] 心跳包
[12:27:51] 响应集中器的包:683200320068040217010104000b000004003216
[12:28:53] 接收集中器的包:684a004a0068c4021701010402fc000004000130281226057b16
[12:28:53] 心跳包
[12:28:53] 响应集中器的包:683200320068040217010104000c000004003316
[12:29:54] 接收集中器的包:684a004a0068c4021701010402fd000004000131291226057e16
[12:29:54] 心跳包
[12:29:54] 响应集中器的包:683200320068040217010104000d000004003416
[12:30:57] 接收集中器的包:684a004a0068c4021701010402fe000004000133301226058816
[12:30:57] 心跳包
[12:30:57] 响应集中器的包:683200320068040217010104000e000004003516
[12:31:59] 接收集中器的包:684a004a0068c4021701010402ff000004000136311226058d16
[12:31:59] 心跳包
[12:31:59] 响应集中器的包:683200320068040217010104000f000004003616
[12:33:00] 接收集中器的包:684a004a0068c4021701010402f0000004000137321226058016
[12:33:00] 心跳包
[12:33:00] 响应集中器的包:6832003200680402170101040000000004002716
[12:34:02] 接收集中器的包:684a004a0068c4021701010402f1000004000138331226058316
[12:34:02] 心跳包
[12:34:02] 响应集中器的包:6832003200680402170101040001000004002816
[12:35:03] 接收集中器的包:684a004a0068c4021701010402f2000004000139341226058616
[12:35:03] 心跳包
[12:35:03] 响应集中器的包:6832003200680402170101040002000004002916
[12:36:04] 接收集中器的包:684a004a0068c4021701010402f3000004000141351226059016
[12:36:04] 心跳包
[12:36:04] 响应集中器的包:6832003200680402170101040003000004002a16
[12:37:06] 接收集中器的包:684a004a0068c4021701010402f4000004000142361226059316
[12:37:06] 心跳包
[12:37:06] 响应集中器的包:6832003200680402170101040004000004002b16
[12:38:07] 接收集中器的包:684a004a0068c4021701010402f5000004000144371226059716
[12:38:07] 心跳包
[12:38:07] 响应集中器的包:6832003200680402170101040005000004002c16
[12:39:09] 接收集中器的包:684a004a0068c4021701010402f6000004000145381226059a16
[12:39:09] 心跳包
[12:39:09] 响应集中器的包:6832003200680402170101040006000004002d16
[12:40:11] 接收集中器的包:684a004a0068c4021701010402f7000004000146391226059d16
[12:40:11] 心跳包
[12:40:11] 响应集中器的包:6832003200680402170101040007000004002e16
[12:41:13] 接收集中器的包:684a004a0068c4021701010402f800000400014940122605a816
[12:41:13] 心跳包
[12:41:13] 响应集中器的包:6832003200680402170101040008000004002f16
[12:42:14] 接收集中器的包:684a004a0068c4021701010402f900000400015041122605b116
[12:42:14] 心跳包
[12:42:14] 响应集中器的包:6832003200680402170101040009000004003016
[12:43:15] 接收集中器的包:684a004a0068c4021701010402fa00000400015142122605b416
[12:43:15] 心跳包
[12:43:15] 响应集中器的包:683200320068040217010104000a000004003116
[12:44:16] 接收集中器的包:684a004a0068c4021701010402fb00000400015343122605b816
[12:44:16] 心跳包
[12:44:16] 响应集中器的包:683200320068040217010104000b000004003216
[12:45:18] 接收集中器的包:684a004a0068c4021701010402fc00000400015444122605bb16
[12:45:18] 心跳包
[12:45:18] 响应集中器的包:683200320068040217010104000c000004003316
[12:45:36] 一个集中器客户端下线
[12:46:09] 一个集中器客户端下线
[12:49:15] 接收集中器的包:684a004a0068c4021701010002f000000100015048122605a816
[12:49:15] 登陆包
[12:49:15] 响应集中器的包:6832003200680402170101000000000001002016
[12:50:17] 接收集中器的包:684a004a0068c4021701010402f100000400015449122605b516
[12:50:17] 心跳包
[12:50:17] 响应集中器的包:6832003200680402170101040001000004002816
[12:51:18] 接收集中器的包:684a004a0068c4021701010402f200000400015550122605be16
[12:51:18] 心跳包
[12:51:18] 响应集中器的包:6832003200680402170101040002000004002916
[12:52:19] 接收集中器的包:684a004a0068c4021701010402f300000400015651122605c116
[12:52:19] 心跳包
[12:52:19] 响应集中器的包:6832003200680402170101040003000004002a16
[12:53:21] 接收集中器的包:684a004a0068c4021701010402f400000400015852122605c516
[12:53:21] 心跳包
[12:53:21] 响应集中器的包:6832003200680402170101040004000004002b16
[12:54:34] 接收集中器的包:684a004a0068c4021701010402f5000004000111541226058116
[12:54:34] 心跳包
[12:54:34] 响应集中器的包:6832003200680402170101040005000004002c16
[12:55:36] 接收集中器的包:684a004a0068c4021701010402f6000004000113551226058516
[12:55:36] 心跳包
[12:55:36] 响应集中器的包:6832003200680402170101040006000004002d16
[12:56:37] 接收集中器的包:684a004a0068c4021701010402f7000004000114561226058816
[12:56:37] 心跳包
[12:56:37] 响应集中器的包:6832003200680402170101040007000004002e16
[12:56:56] 一个集中器客户端下线
[13:01:09] 接收集中器的包:684a004a0068c4021701010002fb000001000145001326056116
[13:01:09] 登陆包
[13:01:09] 响应集中器的包:683200320068040217010100000b000001002b16
[13:02:11] 接收集中器的包:684a004a0068c4021701010402fc000004000147011326056c16
[13:02:11] 心跳包
[13:02:11] 响应集中器的包:683200320068040217010104000c000004003316
[13:02:11] 一个集中器客户端下线
[13:02:18] 一个集中器客户端下线
[13:05:17] 接收集中器的包:684a004a0068c4021701010002ff000001000151041326057516
[13:05:17] 登陆包
[13:05:17] 响应集中器的包:683200320068040217010100000f000001002f16
[13:06:18] 接收集中器的包:684a004a0068c4021701010402f0000004000154051326057116
[13:06:18] 心跳包
[13:06:18] 响应集中器的包:6832003200680402170101040000000004002716
[13:07:19] 接收集中器的包:684a004a0068c4021701010402f1000004000156061326057516
[13:07:19] 心跳包
[13:07:19] 响应集中器的包:6832003200680402170101040001000004002816
[13:08:21] 接收集中器的包:684a004a0068c4021701010402f2000004000158071326057916
[13:08:21] 心跳包
[13:08:21] 响应集中器的包:6832003200680402170101040002000004002916
[13:09:22] 接收集中器的包:684a004a0068c4021701010402f3000004000159081326057c16
[13:09:22] 心跳包
[13:09:22] 响应集中器的包:6832003200680402170101040003000004002a16
[13:10:24] 接收集中器的包:684a004a0068c4021701010402f4000004000100101326052c16
[13:10:24] 心跳包
[13:10:24] 响应集中器的包:6832003200680402170101040004000004002b16
[13:11:25] 接收集中器的包:684a004a0068c4021701010402f5000004000102111326053016
[13:11:25] 心跳包
[13:11:25] 响应集中器的包:6832003200680402170101040005000004002c16
[13:12:26] 接收集中器的包:684a004a0068c4021701010402f6000004000103121326053316
[13:12:26] 心跳包
[13:12:26] 响应集中器的包:6832003200680402170101040006000004002d16
[13:13:27] 接收集中器的包:684a004a0068c4021701010402f7000004000104131326053616
[13:13:27] 心跳包
[13:13:27] 响应集中器的包:6832003200680402170101040007000004002e16
[13:14:29] 接收集中器的包:684a004a0068c4021701010402f8000004000105141326053916
[13:14:29] 心跳包
[13:14:29] 响应集中器的包:6832003200680402170101040008000004002f16
[13:15:30] 接收集中器的包:684a004a0068c4021701010402f9000004000107151326053d16
[13:15:30] 心跳包
[13:15:30] 响应集中器的包:6832003200680402170101040009000004003016
[13:16:32] 接收集中器的包:684a004a0068c4021701010402fa000004000108161326054016
[13:16:32] 心跳包
[13:16:32] 响应集中器的包:683200320068040217010104000a000004003116
[13:17:33] 接收集中器的包:684a004a0068c4021701010402fb000004000109171326054316
[13:17:33] 心跳包
[13:17:33] 响应集中器的包:683200320068040217010104000b000004003216
[13:18:34] 接收集中器的包:684a004a0068c4021701010402fc000004000110181326054c16
[13:18:34] 心跳包
[13:18:34] 响应集中器的包:683200320068040217010104000c000004003316
[13:19:35] 接收集中器的包:684a004a0068c4021701010402fd000004000111191326054f16
[13:19:35] 心跳包
[13:19:35] 响应集中器的包:683200320068040217010104000d000004003416
[13:20:36] 接收集中器的包:684a004a0068c4021701010402fe000004000112201326055816
[13:20:36] 心跳包
[13:20:36] 响应集中器的包:683200320068040217010104000e000004003516
[13:21:37] 接收集中器的包:684a004a0068c4021701010402ff000004000113211326055b16
[13:21:37] 心跳包
[13:21:37] 响应集中器的包:683200320068040217010104000f000004003616
[13:22:38] 接收集中器的包:684a004a0068c4021701010402f0000004000114221326054e16
[13:22:38] 心跳包
[13:22:38] 响应集中器的包:6832003200680402170101040000000004002716
[13:23:39] 接收集中器的包:684a004a0068c4021701010402f1000004000115231326055116
[13:23:39] 心跳包
[13:23:39] 响应集中器的包:6832003200680402170101040001000004002816
[13:24:40] 接收集中器的包:684a004a0068c4021701010402f2000004000117241326055516
[13:24:40] 心跳包
[13:24:40] 响应集中器的包:6832003200680402170101040002000004002916
[13:25:41] 接收集中器的包:684a004a0068c4021701010402f3000004000118251326055816
[13:25:41] 心跳包
[13:25:41] 响应集中器的包:6832003200680402170101040003000004002a16
[13:26:42] 接收集中器的包:684a004a0068c4021701010402f4000004000119261326055b16
[13:26:42] 心跳包
[13:26:42] 响应集中器的包:6832003200680402170101040004000004002b16
[13:27:43] 接收集中器的包:684a004a0068c4021701010402f5000004000120271326056416
[13:27:43] 心跳包
[13:27:43] 响应集中器的包:6832003200680402170101040005000004002c16
[13:28:45] 接收集中器的包:684a004a0068c4021701010402f6000004000121281326056716
[13:28:45] 心跳包
[13:28:45] 响应集中器的包:6832003200680402170101040006000004002d16
[13:29:46] 接收集中器的包:684a004a0068c4021701010402f7000004000123291326056b16
[13:29:46] 心跳包
[13:29:46] 响应集中器的包:6832003200680402170101040007000004002e16
[13:30:47] 接收集中器的包:684a004a0068c4021701010402f8000004000124301326057416
[13:30:47] 心跳包
[13:30:48] 响应集中器的包:6832003200680402170101040008000004002f16
[13:31:50] 接收集中器的包:684a004a0068c4021701010402f9000004000127311326057916
[13:31:50] 心跳包
[13:31:50] 响应集中器的包:6832003200680402170101040009000004003016
[13:32:51] 接收集中器的包:684a004a0068c4021701010402fa000004000128321326057c16
[13:32:51] 心跳包
[13:32:51] 响应集中器的包:683200320068040217010104000a000004003116
[13:33:52] 接收集中器的包:684a004a0068c4021701010402fb000004000129331326057f16
[13:33:52] 心跳包
[13:33:52] 响应集中器的包:683200320068040217010104000b000004003216
[13:34:54] 接收集中器的包:684a004a0068c4021701010402fc000004000130341326058816
[13:34:54] 心跳包
[13:34:54] 响应集中器的包:683200320068040217010104000c000004003316
[13:35:56] 接收集中器的包:684a004a0068c4021701010402fd000004000132351326058c16
[13:35:56] 心跳包
[13:35:56] 响应集中器的包:683200320068040217010104000d000004003416
[13:37:00] 接收集中器的包:684a004a0068c4021701010402fe000004000137361326059316
[13:37:00] 心跳包
[13:37:00] 响应集中器的包:683200320068040217010104000e000004003516
[13:38:02] 接收集中器的包:684a004a0068c4021701010402ff000004000138371326059616
[13:38:02] 心跳包
[13:38:02] 响应集中器的包:683200320068040217010104000f000004003616
[13:39:04] 接收集中器的包:684a004a0068c4021701010402f0000004000140381326059016
[13:39:04] 心跳包
[13:39:04] 响应集中器的包:6832003200680402170101040000000004002716
[13:40:05] 接收集中器的包:684a004a0068c4021701010402f1000004000141391326059316
[13:40:05] 心跳包
[13:40:05] 响应集中器的包:6832003200680402170101040001000004002816
[13:41:06] 接收集中器的包:684a004a0068c4021701010402f2000004000143401326059d16
[13:41:06] 心跳包
[13:41:06] 响应集中器的包:6832003200680402170101040002000004002916
[13:42:08] 接收集中器的包:684a004a0068c4021701010402f300000400014441132605a016
[13:42:08] 心跳包
[13:42:08] 响应集中器的包:6832003200680402170101040003000004002a16
[13:43:09] 接收集中器的包:684a004a0068c4021701010402f400000400014542132605a316
[13:43:09] 心跳包
[13:43:09] 响应集中器的包:6832003200680402170101040004000004002b16
[13:44:11] 接收集中器的包:684a004a0068c4021701010402f500000400014843132605a816
[13:44:11] 心跳包
[13:44:11] 响应集中器的包:6832003200680402170101040005000004002c16
[13:45:18] 接收集中器的包:684a004a0068c4021701010002f700000100015544132605b116
[13:45:18] 登陆包
[13:45:18] 响应集中器的包:6832003200680402170101000007000001002716
[13:46:19] 接收集中器的包:684a004a0068c4021701010402f800000400015645132605bb16
[13:46:19] 心跳包
[13:46:19] 响应集中器的包:6832003200680402170101040008000004002f16
[13:47:25] 接收集中器的包:684a004a0068c4021701010402f9000004000102471326056a16
[13:47:25] 心跳包
[13:47:25] 响应集中器的包:6832003200680402170101040009000004003016
[13:48:27] 接收集中器的包:684a004a0068c4021701010402fa000004000104481326056e16
[13:48:27] 心跳包
[13:48:27] 响应集中器的包:683200320068040217010104000a000004003116
[13:49:28] 接收集中器的包:684a004a0068c4021701010402fb000004000105491326057116
[13:49:28] 心跳包
[13:49:28] 响应集中器的包:683200320068040217010104000b000004003216
[13:49:59] 总消息长度:1 添加一个消息队列:68 6a 00 6a 00 68 04 02 17 01 01 02 a4 74 00 00 02 01 01 00 3a 00 3a 00 88 33 60 00 00 00 00 01 cd 16  参赛设置命令
[13:50:30] 接收集中器的包:684a004a0068c4021701010002fd000001000107501326057516
[13:50:30] 登陆包
[13:50:30] 响应集中器的包:683200320068040217010100000d000001002d16
[13:50:43] 总消息长度:1 添加一个消息队列:68 6a 00 6a 00 68 04 02 17 01 01 02 a4 74 00 00 02 01 01 00 3a 00 3a 00 88 33 60 00 00 00 00 01 cd 16  参赛设置命令
[13:50:46] 接收集中器的包:683e003e00688802170101020004000004003a0002e916
[13:50:46] 集中器响应帧:4 确认 Fn:4
[13:51:46] 接收集中器的包:684a004a0068c4021701010402fe000004000123511326059a16
[13:51:46] 心跳包
[13:51:46] 响应集中器的包:683200320068040217010104000e000004003516
[13:52:06] 总消息长度:1 添加一个消息队列:68 6a 00 6a 00 68 04 02 17 01 01 02 a4 73 00 00 02 01 01 00 3a 00 3a 00 88 33 60 00 00 00 00 01 cc 16  参赛设置命令
[13:52:08] 接收集中器的包:683e003e00688802170101020003000004003a0002e816
[13:52:08] 集中器响应帧:3 确认 Fn:4
[13:53:08] 接收集中器的包:684a004a0068c4021701010402ff00000400014552132605be16
[13:53:08] 心跳包
[13:53:08] 响应集中器的包:683200320068040217010104000f000004003616
[13:54:15] 接收集中器的包:684a004a0068c4021701010402f000000400015153132605bc16
[13:54:15] 心跳包
[13:54:15] 响应集中器的包:6832003200680402170101040000000004002716
[13:55:17] 接收集中器的包:684a004a0068c4021701010402f100000400015454132605c116
[13:55:17] 心跳包
[13:55:17] 响应集中器的包:6832003200680402170101040001000004002816
[13:56:19] 接收集中器的包:684a004a0068c4021701010402f200000400015555132605c416
[13:56:19] 心跳包
[13:56:19] 响应集中器的包:6832003200680402170101040002000004002916
[13:57:21] 接收集中器的包:684a004a0068c4021701010402f300000400015756132605c816
[13:57:21] 心跳包
[13:57:21] 响应集中器的包:6832003200680402170101040003000004002a16
[13:58:23] 接收集中器的包:684a004a0068c4021701010402f400000400015957132605cc16
[13:58:23] 心跳包
[13:58:23] 响应集中器的包:6832003200680402170101040004000004002b16
[13:59:25] 接收集中器的包:684a004a0068c4021701010402f5000004000101591326057716
[13:59:25] 心跳包
[13:59:25] 响应集中器的包:6832003200680402170101040005000004002c16
[14:00:26] 接收集中器的包:684a004a0068c4021701010402f6000004000102001426052116
[14:00:26] 心跳包
[14:00:26] 响应集中器的包:6832003200680402170101040006000004002d16
[14:01:27] 接收集中器的包:684a004a0068c4021701010402f7000004000103011426052416
[14:01:27] 心跳包
[14:01:27] 响应集中器的包:6832003200680402170101040007000004002e16
[14:02:29] 接收集中器的包:684a004a0068c4021701010402f8000004000105021426052816
[14:02:29] 心跳包
[14:02:29] 响应集中器的包:6832003200680402170101040008000004002f16
[14:03:30] 接收集中器的包:684a004a0068c4021701010402f9000004000107031426052c16
[14:03:30] 心跳包
[14:03:30] 响应集中器的包:6832003200680402170101040009000004003016
[14:04:32] 接收集中器的包:684a004a0068c4021701010402fa000004000108041426052f16
[14:04:32] 心跳包
[14:04:32] 响应集中器的包:683200320068040217010104000a000004003116
[14:05:33] 接收集中器的包:684a004a0068c4021701010402fb000004000110051426053916
[14:05:33] 心跳包
[14:05:33] 响应集中器的包:683200320068040217010104000b000004003216
[14:06:36] 接收集中器的包:684a004a0068c4021701010402fc000004000113061426053e16
[14:06:36] 心跳包
[14:06:36] 响应集中器的包:683200320068040217010104000c000004003316
[14:07:37] 接收集中器的包:684a004a0068c4021701010402fd000004000114071426054116
[14:07:37] 心跳包
[14:07:37] 响应集中器的包:683200320068040217010104000d000004003416
[14:08:54] 接收集中器的包:684a004a0068c4021701010402fe000004000130081426055f16
[14:08:54] 心跳包
[14:08:54] 响应集中器的包:683200320068040217010104000e000004003516
[14:09:56] 接收集中器的包:684a004a0068c4021701010402ff000004000132091426056316
[14:09:56] 心跳包
[14:09:56] 响应集中器的包:683200320068040217010104000f000004003616
[14:11:00] 接收集中器的包:684a004a0068c4021701010402f0000004000136101426055f16
[14:11:00] 心跳包
[14:11:00] 响应集中器的包:6832003200680402170101040000000004002716
[14:12:01] 接收集中器的包:684a004a0068c4021701010402f1000004000138111426056316
[14:12:01] 心跳包
[14:12:01] 响应集中器的包:6832003200680402170101040001000004002816
[14:13:04] 接收集中器的包:684a004a0068c4021701010402f2000004000140121426056d16
[14:13:04] 心跳包
[14:13:04] 响应集中器的包:6832003200680402170101040002000004002916
[14:14:05] 接收集中器的包:684a004a0068c4021701010402f3000004000141131426057016
[14:14:05] 心跳包
[14:14:05] 响应集中器的包:6832003200680402170101040003000004002a16
[14:15:06] 接收集中器的包:684a004a0068c4021701010402f4000004000142141426057316
[14:15:06] 心跳包
[14:15:06] 响应集中器的包:6832003200680402170101040004000004002b16
[14:16:08] 接收集中器的包:684a004a0068c4021701010402f5000004000144151426057716
[14:16:08] 心跳包
[14:16:08] 响应集中器的包:6832003200680402170101040005000004002c16
[14:17:14] 接收集中器的包:684a004a0068c4021701010402f6000004000150161426058516
[14:17:14] 心跳包
[14:17:14] 响应集中器的包:6832003200680402170101040006000004002d16
[14:18:15] 接收集中器的包:684a004a0068c4021701010402f7000004000152171426058916
[14:18:15] 心跳包
[14:18:15] 响应集中器的包:6832003200680402170101040007000004002e16
[14:19:18] 接收集中器的包:684a004a0068c4021701010402f8000004000153181426058c16
[14:19:18] 心跳包
[14:19:18] 响应集中器的包:6832003200680402170101040008000004002f16
[14:20:19] 接收集中器的包:684a004a0068c4021701010402f9000004000155191426059016
[14:20:19] 心跳包
[14:20:19] 响应集中器的包:6832003200680402170101040009000004003016
[14:21:21] 接收集中器的包:684a004a0068c4021701010402fa000004000157201426059a16
[14:21:21] 心跳包
[14:21:21] 响应集中器的包:683200320068040217010104000a000004003116
[14:22:23] 接收集中器的包:684a004a0068c4021701010402fb000004000100221426054616
[14:22:23] 心跳包
[14:22:23] 响应集中器的包:683200320068040217010104000b000004003216
[14:23:25] 接收集中器的包:684a004a0068c4021701010402fc000004000102231426054a16
[14:23:25] 心跳包
[14:23:25] 响应集中器的包:683200320068040217010104000c000004003316
[14:24:29] 接收集中器的包:684a004a0068c4021701010402fd000004000106241426055016
[14:24:29] 心跳包
[14:24:29] 响应集中器的包:683200320068040217010104000d000004003416
[14:25:32] 接收集中器的包:684a004a0068c4021701010402fe000004000109251426055516
[14:25:32] 心跳包
[14:25:32] 响应集中器的包:683200320068040217010104000e000004003516
[14:26:38] 接收集中器的包:684a004a0068c4021701010402ff000004000115261426056316
[14:26:38] 心跳包
[14:26:38] 响应集中器的包:683200320068040217010104000f000004003616
[14:29:21] 一个集中器客户端下线
[14:29:21] 一个集中器客户端下线
[14:29:21] 一个集中器客户端下线
[14:32:15] 接收集中器的包:684a004a0068c4021701010002f4000001000151311426059816
[14:32:15] 登陆包
[14:32:15] 响应集中器的包:6832003200680402170101000004000001002416
[14:33:16] 接收集中器的包:684a004a0068c4021701010402f500000400015332142605a316
[14:33:16] 心跳包
[14:33:16] 响应集中器的包:6832003200680402170101040005000004002c16
[14:34:21] 接收集中器的包:684a004a0068c4021701010402f600000400015633142605a816
[14:34:21] 心跳包
[14:34:21] 响应集中器的包:6832003200680402170101040006000004002d16
[14:35:25] 接收集中器的包:684a004a0068c4021701010402f7000004000101351426055616
[14:35:25] 心跳包
[14:35:25] 响应集中器的包:6832003200680402170101040007000004002e16
[14:36:27] 接收集中器的包:684a004a0068c4021701010402f8000004000103361426055a16
[14:36:27] 心跳包
[14:36:27] 响应集中器的包:6832003200680402170101040008000004002f16
[14:37:30] 接收集中器的包:684a004a0068c4021701010402f9000004000106371426055f16
[14:37:30] 心跳包
[14:37:30] 响应集中器的包:6832003200680402170101040009000004003016
[14:38:32] 接收集中器的包:684a004a0068c4021701010402fa000004000108381426056316
[14:38:32] 心跳包
[14:38:32] 响应集中器的包:683200320068040217010104000a000004003116
[14:39:50] 接收集中器的包:684a004a0068c4021701010402fb000004000123391426058016
[14:39:50] 心跳包
[14:39:50] 响应集中器的包:683200320068040217010104000b000004003216
[14:40:52] 接收集中器的包:684a004a0068c4021701010402fc000004000129401426058e16
[14:40:52] 心跳包
[14:40:52] 响应集中器的包:683200320068040217010104000c000004003316
[14:41:54] 接收集中器的包:684a004a0068c4021701010402fd000004000131411426059816
[14:41:54] 心跳包
[14:41:54] 响应集中器的包:683200320068040217010104000d000004003416
[14:42:55] 接收集中器的包:684a004a0068c4021701010402fe000004000132421426059b16
[14:42:55] 心跳包
[14:42:55] 响应集中器的包:683200320068040217010104000e000004003516
[14:44:00] 接收集中器的包:684a004a0068c4021701010402ff00000400013743142605a216
[14:44:00] 心跳包
[14:44:00] 响应集中器的包:683200320068040217010104000f000004003616
[14:44:31] 一个集中器客户端下线
[14:44:36] 接收集中器的包:684a004a0068c4021701010002f0000001000113441426056916
[14:44:36] 登陆包
[14:44:36] 响应集中器的包:6832003200680402170101000000000001002016
[14:45:37] 接收集中器的包:684a004a0068c4021701010402f1000004000114451426057316
[14:45:37] 心跳包
[14:45:37] 响应集中器的包:6832003200680402170101040001000004002816
[14:46:38] 接收集中器的包:684a004a0068c4021701010402f2000004000115461426057616
[14:46:38] 心跳包
[14:46:38] 响应集中器的包:6832003200680402170101040002000004002916
[14:47:40] 接收集中器的包:684a004a0068c4021701010402f3000004000116471426057916
[14:47:40] 心跳包
[14:47:40] 响应集中器的包:6832003200680402170101040003000004002a16
[14:48:41] 接收集中器的包:684a004a0068c4021701010402f4000004000117481426057c16
[14:48:41] 心跳包
[14:48:41] 响应集中器的包:6832003200680402170101040004000004002b16
[14:49:43] 接收集中器的包:684a004a0068c4021701010402f5000004000119491426058016
[14:49:43] 心跳包
[14:49:43] 响应集中器的包:6832003200680402170101040005000004002c16
[14:50:46] 接收集中器的包:684a004a0068c4021701010402f6000004000122501426059116
[14:50:46] 心跳包
[14:50:46] 响应集中器的包:6832003200680402170101040006000004002d16
[14:51:47] 接收集中器的包:684a004a0068c4021701010402f7000004000123511426059416
[14:51:47] 心跳包
[14:51:47] 响应集中器的包:6832003200680402170101040007000004002e16
[14:52:48] 接收集中器的包:684a004a0068c4021701010402f8000004000124521426059716
[14:52:48] 心跳包
[14:52:48] 响应集中器的包:6832003200680402170101040008000004002f16
[14:53:50] 接收集中器的包:684a004a0068c4021701010402f9000004000126531426059b16
[14:53:50] 心跳包
[14:53:50] 响应集中器的包:6832003200680402170101040009000004003016
[14:54:51] 接收集中器的包:684a004a0068c4021701010402fa000004000127541426059e16
[14:54:51] 心跳包
[14:54:51] 响应集中器的包:683200320068040217010104000a000004003116
[14:55:52] 接收集中器的包:684a004a0068c4021701010402fb00000400012855142605a116
[14:55:52] 心跳包
[14:55:52] 响应集中器的包:683200320068040217010104000b000004003216
[14:56:53] 接收集中器的包:684a004a0068c4021701010402fc00000400012956142605a416
[14:56:53] 心跳包
[14:56:53] 响应集中器的包:683200320068040217010104000c000004003316
[14:57:55] 接收集中器的包:684a004a0068c4021701010402fd00000400013157142605ae16
[14:57:55] 心跳包
[14:57:55] 响应集中器的包:683200320068040217010104000d000004003416
[14:58:56] 接收集中器的包:684a004a0068c4021701010402fe00000400013258142605b116
[14:58:56] 心跳包
[14:58:56] 响应集中器的包:683200320068040217010104000e000004003516
[14:59:57] 接收集中器的包:684a004a0068c4021701010402ff00000400013459142605b516
[14:59:57] 心跳包
[14:59:57] 响应集中器的包:683200320068040217010104000f000004003616
[15:00:59] 接收集中器的包:684a004a0068c4021701010402f0000004000135001526054f16
[15:00:59] 心跳包
[15:00:59] 响应集中器的包:6832003200680402170101040000000004002716
[15:02:00] 接收集中器的包:684a004a0068c4021701010402f1000004000137011526055316
[15:02:00] 心跳包
[15:02:00] 响应集中器的包:6832003200680402170101040001000004002816
[15:03:01] 接收集中器的包:684a004a0068c4021701010402f2000004000138021526055616
[15:03:01] 心跳包
[15:03:01] 响应集中器的包:6832003200680402170101040002000004002916
[15:04:02] 接收集中器的包:684a004a0068c4021701010402f3000004000139031526055916
[15:04:02] 心跳包
[15:04:02] 响应集中器的包:6832003200680402170101040003000004002a16
[15:05:03] 接收集中器的包:684a004a0068c4021701010402f4000004000140041526056216
[15:05:03] 心跳包
[15:05:03] 响应集中器的包:6832003200680402170101040004000004002b16
[15:06:04] 接收集中器的包:684a004a0068c4021701010402f5000004000141051526056516
[15:06:04] 心跳包
[15:06:04] 响应集中器的包:6832003200680402170101040005000004002c16
[15:07:05] 接收集中器的包:684a004a0068c4021701010402f6000004000142061526056816
[15:07:05] 心跳包
[15:07:05] 响应集中器的包:6832003200680402170101040006000004002d16
[15:08:06] 接收集中器的包:684a004a0068c4021701010402f7000004000143071526056b16
[15:08:06] 心跳包
[15:08:06] 响应集中器的包:6832003200680402170101040007000004002e16
[15:09:07] 接收集中器的包:684a004a0068c4021701010402f8000004000144081526056e16
[15:09:07] 心跳包
[15:09:07] 响应集中器的包:6832003200680402170101040008000004002f16
[15:10:08] 接收集中器的包:684a004a0068c4021701010402f9000004000145091526057116
[15:10:08] 心跳包
[15:10:08] 响应集中器的包:6832003200680402170101040009000004003016
[15:11:10] 接收集中器的包:684a004a0068c4021701010402fa000004000146101526057a16
[15:11:10] 心跳包
[15:11:10] 响应集中器的包:683200320068040217010104000a000004003116
[15:12:11] 接收集中器的包:684a004a0068c4021701010402fb000004000147111526057d16
[15:12:11] 心跳包
[15:12:11] 响应集中器的包:683200320068040217010104000b000004003216
[15:13:12] 接收集中器的包:684a004a0068c4021701010402fc000004000148121526058016
[15:13:12] 心跳包
[15:13:12] 响应集中器的包:683200320068040217010104000c000004003316
[15:14:13] 接收集中器的包:684a004a0068c4021701010402fd000004000149131526058316
[15:14:13] 心跳包
[15:14:13] 响应集中器的包:683200320068040217010104000d000004003416
[15:15:14] 接收集中器的包:684a004a0068c4021701010402fe000004000150141526058c16
[15:15:14] 心跳包
[15:15:14] 响应集中器的包:683200320068040217010104000e000004003516
[15:16:15] 接收集中器的包:684a004a0068c4021701010402ff000004000151151526058f16
[15:16:15] 心跳包
[15:16:15] 响应集中器的包:683200320068040217010104000f000004003616
[15:17:16] 接收集中器的包:684a004a0068c4021701010402f0000004000152161526058216
[15:17:16] 心跳包
[15:17:16] 响应集中器的包:6832003200680402170101040000000004002716
[15:18:17] 接收集中器的包:684a004a0068c4021701010402f1000004000154171526058616
[15:18:17] 心跳包
[15:18:17] 响应集中器的包:6832003200680402170101040001000004002816
[15:19:18] 接收集中器的包:684a004a0068c4021701010402f2000004000155181526058916
[15:19:18] 心跳包
[15:19:18] 响应集中器的包:6832003200680402170101040002000004002916
[15:20:19] 接收集中器的包:684a004a0068c4021701010402f3000004000156191526058c16
[15:20:19] 心跳包
[15:20:19] 响应集中器的包:6832003200680402170101040003000004002a16
[15:21:20] 接收集中器的包:684a004a0068c4021701010402f4000004000157201526059516
[15:21:20] 心跳包
[15:21:20] 响应集中器的包:6832003200680402170101040004000004002b16
[15:22:21] 接收集中器的包:684a004a0068c4021701010402f5000004000158211526059816
[15:22:21] 心跳包
[15:22:21] 响应集中器的包:6832003200680402170101040005000004002c16
[15:23:22] 接收集中器的包:684a004a0068c4021701010402f6000004000159221526059b16
[15:23:22] 心跳包
[15:23:22] 响应集中器的包:6832003200680402170101040006000004002d16
[15:24:29] 接收集中器的包:684a004a0068c4021701010002f8000001000104241526054316
[15:24:29] 登陆包
[15:24:29] 响应集中器的包:6832003200680402170101000008000001002816
[15:25:30] 接收集中器的包:684a004a0068c4021701010402f9000004000106251526054e16
[15:25:30] 心跳包
[15:25:30] 响应集中器的包:6832003200680402170101040009000004003016
[15:26:31] 接收集中器的包:684a004a0068c4021701010402fa000004000107261526055116
[15:26:31] 心跳包
[15:26:31] 响应集中器的包:683200320068040217010104000a000004003116
[15:27:32] 接收集中器的包:684a004a0068c4021701010402fb000004000108271526055416
[15:27:32] 心跳包
[15:27:32] 响应集中器的包:683200320068040217010104000b000004003216
[15:28:33] 接收集中器的包:684a004a0068c4021701010402fc000004000109281526055716
[15:28:33] 心跳包
[15:28:33] 响应集中器的包:683200320068040217010104000c000004003316
[15:29:34] 接收集中器的包:684a004a0068c4021701010402fd000004000110291526056016
[15:29:34] 心跳包
[15:29:34] 响应集中器的包:683200320068040217010104000d000004003416
[15:30:36] 接收集中器的包:684a004a0068c4021701010402fe000004000112301526056a16
[15:30:36] 心跳包
[15:30:36] 响应集中器的包:683200320068040217010104000e000004003516
[15:31:37] 接收集中器的包:684a004a0068c4021701010402ff000004000113311526056d16
[15:31:37] 心跳包
[15:31:37] 响应集中器的包:683200320068040217010104000f000004003616
[15:32:38] 接收集中器的包:684a004a0068c4021701010402f0000004000114321526056016
[15:32:38] 心跳包
[15:32:38] 响应集中器的包:6832003200680402170101040000000004002716
[15:33:39] 接收集中器的包:684a004a0068c4021701010402f1000004000115331526056316
[15:33:39] 心跳包
[15:33:39] 响应集中器的包:6832003200680402170101040001000004002816
[15:34:40] 接收集中器的包:684a004a0068c4021701010402f2000004000116341526056616
[15:34:40] 心跳包
[15:34:40] 响应集中器的包:6832003200680402170101040002000004002916
[15:35:41] 接收集中器的包:684a004a0068c4021701010402f3000004000117351526056916
[15:35:41] 心跳包
[15:35:41] 响应集中器的包:6832003200680402170101040003000004002a16
[15:36:42] 接收集中器的包:684a004a0068c4021701010402f4000004000119361526056d16
[15:36:42] 心跳包
[15:36:42] 响应集中器的包:6832003200680402170101040004000004002b16
[15:37:43] 接收集中器的包:684a004a0068c4021701010402f5000004000120371526057616
[15:37:43] 心跳包
[15:37:43] 响应集中器的包:6832003200680402170101040005000004002c16
[15:38:44] 接收集中器的包:684a004a0068c4021701010402f6000004000121381526057916
[15:38:44] 心跳包
[15:38:44] 响应集中器的包:6832003200680402170101040006000004002d16
[15:39:45] 接收集中器的包:684a004a0068c4021701010402f7000004000122391526057c16
[15:39:45] 心跳包
[15:39:46] 响应集中器的包:6832003200680402170101040007000004002e16
[15:40:47] 接收集中器的包:684a004a0068c4021701010402f8000004000123401526058516
[15:40:47] 心跳包
[15:40:47] 响应集中器的包:6832003200680402170101040008000004002f16
[15:41:48] 接收集中器的包:684a004a0068c4021701010402f9000004000125411526058916
[15:41:48] 心跳包
[15:41:48] 响应集中器的包:6832003200680402170101040009000004003016
[15:42:49] 接收集中器的包:684a004a0068c4021701010402fa000004000126421526058c16
[15:42:49] 心跳包
[15:42:49] 响应集中器的包:683200320068040217010104000a000004003116
[15:43:50] 接收集中器的包:684a004a0068c4021701010402fb000004000127431526058f16
[15:43:51] 心跳包
[15:43:51] 响应集中器的包:683200320068040217010104000b000004003216
[15:44:52] 接收集中器的包:684a004a0068c4021701010402fc000004000128441526059216
[15:44:52] 心跳包
[15:44:52] 响应集中器的包:683200320068040217010104000c000004003316
[15:45:53] 接收集中器的包:684a004a0068c4021701010402fd000004000129451526059516
[15:45:53] 心跳包
[15:45:53] 响应集中器的包:683200320068040217010104000d000004003416
[15:46:54] 接收集中器的包:684a004a0068c4021701010402fe000004000130461526059e16
[15:46:54] 心跳包
[15:46:54] 响应集中器的包:683200320068040217010104000e000004003516
[15:47:55] 接收集中器的包:684a004a0068c4021701010402ff00000400013247152605a216
[15:47:55] 心跳包
[15:47:55] 响应集中器的包:683200320068040217010104000f000004003616
[15:48:56] 接收集中器的包:684a004a0068c4021701010402f0000004000133481526059516
[15:48:56] 心跳包
[15:48:56] 响应集中器的包:6832003200680402170101040000000004002716
[15:49:57] 接收集中器的包:684a004a0068c4021701010402f1000004000134491526059816
[15:49:57] 心跳包
[15:49:57] 响应集中器的包:6832003200680402170101040001000004002816
[15:50:58] 接收集中器的包:684a004a0068c4021701010402f200000400013550152605a116
[15:50:58] 心跳包
[15:50:58] 响应集中器的包:6832003200680402170101040002000004002916
[15:51:59] 接收集中器的包:684a004a0068c4021701010402f300000400013651152605a416
[15:51:59] 心跳包
[15:51:59] 响应集中器的包:6832003200680402170101040003000004002a16
[15:53:00] 接收集中器的包:684a004a0068c4021701010402f400000400013752152605a716
[15:53:00] 心跳包
[15:53:00] 响应集中器的包:6832003200680402170101040004000004002b16
[15:54:02] 接收集中器的包:684a004a0068c4021701010402f500000400013853152605aa16
[15:54:02] 心跳包
[15:54:02] 响应集中器的包:6832003200680402170101040005000004002c16
[15:55:03] 接收集中器的包:684a004a0068c4021701010402f600000400013954152605ad16
[15:55:03] 心跳包
[15:55:03] 响应集中器的包:6832003200680402170101040006000004002d16
[15:56:05] 接收集中器的包:684a004a0068c4021701010402f700000400014255152605b816
[15:56:05] 心跳包
[15:56:05] 响应集中器的包:6832003200680402170101040007000004002e16
[15:57:07] 接收集中器的包:684a004a0068c4021701010402f800000400014456152605bc16
[15:57:07] 心跳包
[15:57:07] 响应集中器的包:6832003200680402170101040008000004002f16
[15:58:08] 接收集中器的包:684a004a0068c4021701010402f900000400014557152605bf16
[15:58:08] 心跳包
[15:58:08] 响应集中器的包:6832003200680402170101040009000004003016
[15:59:09] 接收集中器的包:684a004a0068c4021701010402fa00000400014658152605c216
[15:59:09] 心跳包
[15:59:09] 响应集中器的包:683200320068040217010104000a000004003116
[16:02:00] 总消息长度:1 添加一个消息队列:68 42 00 42 00 68 04 02 17 01 01 02 a4 78 00 00 10 01 03 3a 00 04 8f 16  参赛设置命令
[16:09:18] 总消息长度:2 添加一个消息队列:68 42 00 42 00 68 04 02 17 01 01 02 a4 75 00 00 10 01 03 3a 00 04 8c 16  参赛设置命令
[16:14:03] 接收集中器的包:684a004a0068c4021701010002f1000001000139131626056116
[16:14:03] 登陆包
[16:14:03] 响应集中器的包:6832003200680402170101000001000001002116
[16:14:44] 总消息长度:1 添加一个消息队列:68 42 00 42 00 68 04 02 17 01 01 02 a4 76 00 00 10 01 03 3a 00 01 8a 16  参赛设置命令
[16:14:46] 接收集中器的包:683200320068880217010102000600000100ac16
[16:14:46] 集中器响应帧:6 确认 Fn:1
[16:15:03] 总消息长度:1 添加一个消息队列:68 42 00 42 00 68 04 02 17 01 01 02 a4 75 00 00 10 01 03 3a 00 03 8b 16  参赛设置命令
[16:15:05] 接收集中器的包:683200320068880217010102000500000100ab16
[16:15:05] 集中器响应帧:5 确认 Fn:1
[16:15:51] 总消息长度:1 添加一个消息队列:68 3e 00 3e 00 68 04 02 17 01 01 02 a5 70 00 00 02 03 01 01 1a 57 16  控制命令
[16:15:58] 总消息长度:2 添加一个消息队列:68 3e 00 3e 00 68 04 02 17 01 01 02 a5 75 00 00 02 03 01 01 00 42 16  控制命令
[16:16:19] 接收集中器的包:683200320068880217010104000500000100ad16
[16:16:19] 集中器响应帧:5 确认 Fn:1
[16:17:05] 总消息长度:2 添加一个消息队列:68 42 00 42 00 68 04 02 17 01 01 02 a4 74 00 00 10 01 03 3a 00 03 8a 16  参赛设置命令
[16:17:06] 接收集中器的包:683200320068880217010102000400000100aa16
[16:17:06] 集中器响应帧:4 确认 Fn:1
[16:18:06] 接收集中器的包:684a004a0068c4021701010402f2000004000143171626057716
[16:18:06] 心跳包
[16:18:06] 响应集中器的包:6832003200680402170101040002000004002916
[16:19:08] 接收集中器的包:684a004a0068c4021701010402f3000004000144181626057a16
[16:19:08] 心跳包
[16:19:08] 响应集中器的包:6832003200680402170101040003000004002a16
[16:20:10] 接收集中器的包:684a004a0068c4021701010402f4000004000146191626057e16
[16:20:10] 心跳包
[16:20:10] 响应集中器的包:6832003200680402170101040004000004002b16
[16:21:12] 接收集中器的包:684a004a0068c4021701010402f5000004000148201626058816
[16:21:12] 心跳包
[16:21:12] 响应集中器的包:6832003200680402170101040005000004002c16
[16:22:13] 接收集中器的包:684a004a0068c4021701010402f6000004000149211626058b16
[16:22:13] 心跳包
[16:22:13] 响应集中器的包:6832003200680402170101040006000004002d16
[16:23:15] 接收集中器的包:684a004a0068c4021701010402f7000004000152221626059616
[16:23:15] 心跳包
[16:23:15] 响应集中器的包:6832003200680402170101040007000004002e16
[16:24:16] 接收集中器的包:684a004a0068c4021701010402f8000004000153231626059916
[16:24:16] 心跳包
[16:24:16] 响应集中器的包:6832003200680402170101040008000004002f16
[16:25:17] 接收集中器的包:684a004a0068c4021701010402f9000004000154241626059c16
[16:25:17] 心跳包
[16:25:17] 响应集中器的包:6832003200680402170101040009000004003016
[16:26:18] 接收集中器的包:684a004a0068c4021701010402fa000004000155251626059f16
[16:26:18] 心跳包
[16:26:18] 响应集中器的包:683200320068040217010104000a000004003116
[16:27:20] 接收集中器的包:684a004a0068c4021701010402fb00000400015726162605a316
[16:27:20] 心跳包
[16:27:20] 响应集中器的包:683200320068040217010104000b000004003216
[16:28:21] 接收集中器的包:684a004a0068c4021701010402fc00000400015727162605a516
[16:28:21] 心跳包
[16:28:21] 响应集中器的包:683200320068040217010104000c000004003316
[16:29:22] 接收集中器的包:684a004a0068c4021701010402fd00000400015828162605a816
[16:29:22] 心跳包
[16:29:22] 响应集中器的包:683200320068040217010104000d000004003416
[16:30:23] 接收集中器的包:684a004a0068c4021701010402fe00000400015929162605ab16
[16:30:23] 心跳包
[16:30:23] 响应集中器的包:683200320068040217010104000e000004003516
[16:31:24] 接收集中器的包:684a004a0068c4021701010402ff000004000101311626055c16
[16:31:24] 心跳包
[16:31:24] 响应集中器的包:683200320068040217010104000f000004003616
[16:32:27] 接收集中器的包:684a004a0068c4021701010402f0000004000103321626055016
[16:32:27] 心跳包
[16:32:27] 响应集中器的包:6832003200680402170101040000000004002716
[16:33:28] 接收集中器的包:684a004a0068c4021701010402f1000004000104331626055316
[16:33:28] 心跳包
[16:33:28] 响应集中器的包:6832003200680402170101040001000004002816
[16:34:29] 接收集中器的包:684a004a0068c4021701010402f2000004000105341626055616
[16:34:29] 心跳包
[16:34:29] 响应集中器的包:6832003200680402170101040002000004002916
[16:35:06] 总消息长度:1 添加一个消息队列:68 42 00 42 00 68 04 02 17 01 01 02 a4 70 00 00 10 01 03 3a 00 04 87 16  参赛设置命令
[16:35:08] 接收集中器的包:683200320068880217010102000000000100a616
[16:35:08] 集中器响应帧:0 确认 Fn:1
[16:36:08] 接收集中器的包:684a004a0068c4021701010402f3000004000145351626059816
[16:36:08] 心跳包
[16:36:08] 响应集中器的包:6832003200680402170101040003000004002a16
[16:36:27] 总消息长度:1 添加一个消息队列:68 3e 00 3e 00 68 04 02 17 01 01 02 a5 77 00 00 02 03 01 01 18 5c 16  控制命令
[16:36:36] 总消息长度:2 添加一个消息队列:68 3e 00 3e 00 68 04 02 17 01 01 02 a5 79 00 00 02 03 01 01 00 46 16  控制命令
[16:36:57] 接收集中器的包:683200320068880217010104000900000100b116
[16:36:57] 集中器响应帧:9 确认 Fn:1
[16:37:24] 总消息长度:2 添加一个消息队列:68 42 00 42 00 68 04 02 17 01 01 02 a4 70 00 00 10 01 03 3a 00 03 86 16  参赛设置命令
[16:37:25] 接收集中器的包:683200320068880217010102000000000100a616
[16:37:25] 集中器响应帧:0 确认 Fn:1
[16:38:25] 接收集中器的包:684a004a0068c4021701010402f4000004000101381626055816
[16:38:25] 心跳包
[16:38:25] 响应集中器的包:6832003200680402170101040004000004002b16
[16:39:26] 接收集中器的包:684a004a0068c4021701010402f5000004000102391626055b16
[16:39:26] 心跳包
[16:39:26] 响应集中器的包:6832003200680402170101040005000004002c16
[16:40:27] 接收集中器的包:684a004a0068c4021701010402f6000004000103401626056416
[16:40:27] 心跳包
[16:40:27] 响应集中器的包:6832003200680402170101040006000004002d16
[16:41:28] 接收集中器的包:684a004a0068c4021701010402f7000004000105411626056816
[16:41:28] 心跳包
[16:41:28] 响应集中器的包:6832003200680402170101040007000004002e16
[16:42:30] 接收集中器的包:684a004a0068c4021701010402f8000004000107421626056c16
[16:42:30] 心跳包
[16:42:30] 响应集中器的包:6832003200680402170101040008000004002f16
[16:43:31] 接收集中器的包:684a004a0068c4021701010402f9000004000108431626056f16
[16:43:31] 心跳包
[16:43:31] 响应集中器的包:6832003200680402170101040009000004003016
[16:44:32] 接收集中器的包:684a004a0068c4021701010402fa000004000109441626057216
[16:44:32] 心跳包
[16:44:32] 响应集中器的包:683200320068040217010104000a000004003116
[16:45:34] 接收集中器的包:684a004a0068c4021701010402fb000004000111451626057c16
[16:45:34] 心跳包
[16:45:34] 响应集中器的包:683200320068040217010104000b000004003216
[16:46:35] 接收集中器的包:684a004a0068c4021701010402fc000004000112461626057f16
[16:46:35] 心跳包
[16:46:35] 响应集中器的包:683200320068040217010104000c000004003316
[16:47:36] 接收集中器的包:684a004a0068c4021701010402fd000004000113471626058216
[16:47:36] 心跳包
[16:47:36] 响应集中器的包:683200320068040217010104000d000004003416
[16:52:07] 总消息长度:2 添加一个消息队列:68 42 00 42 00 68 04 02 17 01 01 02 a4 71 00 00 20 01 03 3a 00 00 94 16  参赛设置命令
[16:55:27] 接收集中器的包:684a004a0068c4021701010002f1000001000101551626056b16
[16:55:27] 登陆包
[16:55:27] 响应集中器的包:6832003200680402170101000001000001002116
[16:55:59] 总消息长度:1 添加一个消息队列:68 42 00 42 00 68 04 02 17 01 01 02 a4 77 00 00 20 01 03 3a 00 00 9a 16  参赛设置命令
[16:56:00] 接收集中器的包:683200320068880217010102000700000100ad16
[16:56:00] 集中器响应帧:7 确认 Fn:1
[16:57:01] 接收集中器的包:684a004a0068c4021701010402f200000400013756162605aa16
[16:57:01] 心跳包
[16:57:01] 响应集中器的包:6832003200680402170101040002000004002916
[16:57:01] 总消息长度:1 添加一个消息队列:68 42 00 42 00 68 04 02 17 01 01 02 a4 74 00 00 20 01 03 3a 00 00 97 16  参赛设置命令
[16:57:02] 接收集中器的包:683200320068880217010102000400000100aa16
[16:57:02] 集中器响应帧:4 确认 Fn:1
[16:58:02] 接收集中器的包:684a004a0068c4021701010402f300000400013957162605ae16
[16:58:02] 心跳包
[16:58:02] 响应集中器的包:6832003200680402170101040003000004002a16
[16:59:03] 接收集中器的包:684a004a0068c4021701010402f400000400014058162605b716
[16:59:03] 心跳包
[16:59:03] 响应集中器的包:6832003200680402170101040004000004002b16
[16:59:22] 总消息长度:1 添加一个消息队列:68 42 00 42 00 68 04 02 17 01 01 02 a4 71 00 00 20 01 03 3a 00 01 95 16  参赛设置命令
[16:59:24] 接收集中器的包:683200320068880217010102000100000100a716
[16:59:24] 集中器响应帧:1 确认 Fn:1
[17:00:25] 接收集中器的包:684a004a0068c4021701010402f5000004000101001726052216
[17:00:25] 心跳包
[17:00:25] 响应集中器的包:6832003200680402170101040005000004002c16
[17:00:48] 总消息长度:1 添加一个消息队列:68 42 00 42 00 68 04 02 17 01 01 02 a4 71 00 00 20 01 03 3a 00 00 94 16  参赛设置命令
[17:00:49] 接收集中器的包:683200320068880217010102000100000100a716
[17:00:49] 集中器响应帧:1 确认 Fn:1
[17:01:06] 总消息长度:1 添加一个消息队列:68 42 00 42 00 68 04 02 17 01 01 02 a4 70 00 00 10 01 03 3a 00 01 84 16  参赛设置命令
[17:01:07] 接收集中器的包:683200320068880217010102000000000100a616
[17:01:07] 集中器响应帧:0 确认 Fn:1
[17:02:08] 接收集中器的包:684a004a0068c4021701010402f6000004000143011726056616
[17:02:08] 心跳包
[17:02:08] 响应集中器的包:6832003200680402170101040006000004002d16
[17:03:09] 接收集中器的包:684a004a0068c4021701010402f7000004000145021726056a16
[17:03:09] 心跳包
[17:03:09] 响应集中器的包:6832003200680402170101040007000004002e16
[17:04:10] 接收集中器的包:684a004a0068c4021701010402f8000004000146031726056d16
[17:04:10] 心跳包
[17:04:10] 响应集中器的包:6832003200680402170101040008000004002f16
[17:05:11] 接收集中器的包:684a004a0068c4021701010402f9000004000147041726057016
[17:05:11] 心跳包
[17:05:11] 响应集中器的包:6832003200680402170101040009000004003016
[17:06:19] 接收集中器的包:684a004a0068c4021701010402fa000004000156051726058116
[17:06:19] 心跳包
[17:06:19] 响应集中器的包:683200320068040217010104000a000004003116
[17:07:19] 接收集中器的包:684a004a0068c4021701010402fb000004000156061726058316
[17:07:19] 心跳包
[17:07:19] 响应集中器的包:683200320068040217010104000b000004003216
[17:08:21] 接收集中器的包:684a004a0068c4021701010402fc000004000158071726058716
[17:08:21] 心跳包
[17:08:21] 响应集中器的包:683200320068040217010104000c000004003316
[17:09:22] 接收集中器的包:684a004a0068c4021701010402fd000004000158081726058916
[17:09:22] 心跳包
[17:09:22] 响应集中器的包:683200320068040217010104000d000004003416
[17:10:23] 接收集中器的包:684a004a0068c4021701010402fe000004000159091726058c16
[17:10:23] 心跳包
[17:10:23] 响应集中器的包:683200320068040217010104000e000004003516
[17:11:24] 接收集中器的包:684a004a0068c4021701010402ff000004000100111726053c16
[17:11:24] 心跳包
[17:11:24] 响应集中器的包:683200320068040217010104000f000004003616
[17:12:25] 接收集中器的包:684a004a0068c4021701010402f0000004000101121726052f16
[17:12:25] 心跳包
[17:12:25] 响应集中器的包:6832003200680402170101040000000004002716
[17:13:26] 接收集中器的包:684a004a0068c4021701010402f1000004000102131726053216
[17:13:26] 心跳包
[17:13:26] 响应集中器的包:6832003200680402170101040001000004002816
[17:14:27] 接收集中器的包:684a004a0068c4021701010402f2000004000104141726053616
[17:14:27] 心跳包
[17:14:27] 响应集中器的包:6832003200680402170101040002000004002916
[17:15:28] 接收集中器的包:684a004a0068c4021701010402f3000004000105151726053916
[17:15:28] 心跳包
[17:15:28] 响应集中器的包:6832003200680402170101040003000004002a16
[17:16:29] 接收集中器的包:684a004a0068c4021701010402f4000004000105161726053b16
[17:16:29] 心跳包
[17:16:29] 响应集中器的包:6832003200680402170101040004000004002b16
[17:17:30] 接收集中器的包:684a004a0068c4021701010402f5000004000106171726053e16
[17:17:30] 心跳包
[17:17:30] 响应集中器的包:6832003200680402170101040005000004002c16
[17:18:31] 接收集中器的包:684a004a0068c4021701010402f6000004000107181726054116
[17:18:31] 心跳包
[17:18:31] 响应集中器的包:6832003200680402170101040006000004002d16
[17:19:32] 接收集中器的包:684a004a0068c4021701010402f7000004000109191726054516
[17:19:32] 心跳包
[17:19:32] 响应集中器的包:6832003200680402170101040007000004002e16
[17:20:33] 接收集中器的包:684a004a0068c4021701010402f8000004000110201726055416
[17:20:33] 心跳包
[17:20:33] 响应集中器的包:6832003200680402170101040008000004002f16
[17:21:34] 接收集中器的包:684a004a0068c4021701010402f9000004000110211726055616
[17:21:34] 心跳包
[17:21:34] 响应集中器的包:6832003200680402170101040009000004003016
[17:22:35] 接收集中器的包:684a004a0068c4021701010402fa000004000112221726055a16
[17:22:35] 心跳包
[17:22:36] 响应集中器的包:683200320068040217010104000a000004003116
[17:23:37] 接收集中器的包:684a004a0068c4021701010402fb000004000113231726055d16
[17:23:37] 心跳包
[17:23:37] 响应集中器的包:683200320068040217010104000b000004003216
[17:24:38] 接收集中器的包:684a004a0068c4021701010402fc000004000115241726056116
[17:24:38] 心跳包
[17:24:38] 响应集中器的包:683200320068040217010104000c000004003316
[17:25:39] 接收集中器的包:684a004a0068c4021701010402fd000004000116251726056416
[17:25:39] 心跳包
[17:25:39] 响应集中器的包:683200320068040217010104000d000004003416
[17:26:40] 接收集中器的包:684a004a0068c4021701010402fe000004000117261726056716
[17:26:40] 心跳包
[17:26:40] 响应集中器的包:683200320068040217010104000e000004003516
[17:27:42] 接收集中器的包:684a004a0068c4021701010402ff000004000118271726056a16
[17:27:42] 心跳包
[17:27:42] 响应集中器的包:683200320068040217010104000f000004003616
[17:28:43] 接收集中器的包:684a004a0068c4021701010402f0000004000119281726055d16
[17:28:43] 心跳包
[17:28:43] 响应集中器的包:6832003200680402170101040000000004002716
[17:29:45] 接收集中器的包:684a004a0068c4021701010402f1000004000121291726056716
[17:29:45] 心跳包
[17:29:45] 响应集中器的包:6832003200680402170101040001000004002816
[17:30:46] 接收集中器的包:684a004a0068c4021701010402f2000004000122301726057016
[17:30:46] 心跳包
[17:30:46] 响应集中器的包:6832003200680402170101040002000004002916
[17:31:47] 接收集中器的包:684a004a0068c4021701010402f3000004000124311726057416
[17:31:47] 心跳包
[17:31:47] 响应集中器的包:6832003200680402170101040003000004002a16
[17:32:53] 接收集中器的包:684a004a0068c4021701010002f5000001000129321726057516
[17:32:53] 登陆包
[17:32:53] 响应集中器的包:6832003200680402170101000005000001002516
[17:33:54] 接收集中器的包:684a004a0068c4021701010402f6000004000130331726058516
[17:33:54] 心跳包
[17:33:54] 响应集中器的包:6832003200680402170101040006000004002d16
[17:34:56] 接收集中器的包:684a004a0068c4021701010402f7000004000132341726058916
[17:34:56] 心跳包
[17:34:56] 响应集中器的包:6832003200680402170101040007000004002e16
[17:35:57] 接收集中器的包:684a004a0068c4021701010402f8000004000133351726058c16
[17:35:57] 心跳包
[17:35:57] 响应集中器的包:6832003200680402170101040008000004002f16
[17:36:58] 接收集中器的包:684a004a0068c4021701010402f9000004000134361726058f16
[17:36:58] 心跳包
[17:36:58] 响应集中器的包:6832003200680402170101040009000004003016
